2023-06-08 19:26:42,198;Capella;6.1.0.202303291413;Open+Session;Learning.aird;;
2023-06-08 19:26:43,997;Capella;6.1.0.202303291413;Open+Session;Learning.aird;OK;
2023-06-08 19:34:07,929;Capella;6.1.0.202303291413;Create+Representation;Contextual+Component+Internal+Interfaces;;628abe60-bf5d-407c-9033-901d2f4c02ff
2023-06-08 19:34:12,413;Capella;6.1.0.202303291413;Create+Representation;Contextual+Component+Internal+Interfaces;OK;628abe60-bf5d-407c-9033-901d2f4c02ff
2023-06-08 19:39:37,786;Capella;6.1.0.202303291413;Create+Representation;Configuration+Items+Breakdown;;1e1e9987-3da2-4d5b-af2d-dd9f88a46fcb
2023-06-08 19:39:39,347;Capella;6.1.0.202303291413;Create+Representation;Configuration+Items+Breakdown;OK;1e1e9987-3da2-4d5b-af2d-dd9f88a46fcb
2023-07-06 17:23:14,484;Capella;6.1.0.202303291413;Open+Session;Smart_HEM_System.aird;;
2023-07-06 17:23:17,686;Capella;6.1.0.202303291413;Open+Session;Smart_HEM_System.aird;OK;
2023-07-06 17:30:48,500;Capella;6.1.0.202303291413;Open+Session;Learning.aird;;
2023-07-06 17:30:53,998;Capella;6.1.0.202303291413;Open+Session;Smart_HEM_System.aird;;
2023-07-06 17:30:54,938;Capella;6.1.0.202303291413;Open+Session;Smart_HEM_System.aird;;
2023-07-07 12:12:21,231;Capella;6.1.0.202303291413;Create+Representation;Operational+Entity+Breakdown;;dc561c8a-9052-415d-9e74-30a2fbd624ab
2023-07-07 12:12:28,204;Capella;6.1.0.202303291413;Create+Representation;Operational+Entity+Breakdown;;dc561c8a-9052-415d-9e74-30a2fbd624ab
2023-07-07 12:12:29,133;Capella;6.1.0.202303291413;Create+Representation;Operational+Entity+Breakdown;OK;dc561c8a-9052-415d-9e74-30a2fbd624ab
2023-07-07 12:12:33,748;Capella;6.1.0.202303291413;Create+Representation;Operational+Entity+Breakdown;OK;dc561c8a-9052-415d-9e74-30a2fbd624ab
2023-07-07 12:21:43,573;Capella;6.1.0.202303291413;Create+Representation;Operational+Capabilities+Blank;;1fba6042-7e98-4518-8efb-9f88cfa3bcf6
2023-07-07 12:21:44,867;Capella;6.1.0.202303291413;Create+Representation;Operational+Capabilities+Blank;;1fba6042-7e98-4518-8efb-9f88cfa3bcf6
2023-07-07 12:21:44,900;Capella;6.1.0.202303291413;Create+Representation;Operational+Capabilities+Blank;OK;1fba6042-7e98-4518-8efb-9f88cfa3bcf6
2023-07-07 12:21:45,560;Capella;6.1.0.202303291413;Create+Representation;Operational+Capabilities+Blank;OK;1fba6042-7e98-4518-8efb-9f88cfa3bcf6
2023-07-07 13:06:12,763;Capella;6.1.0.202303291413;Open+Representation;;;
2023-07-07 13:06:13,476;Capella;6.1.0.202303291413;Open+Representation;;OK;
2023-07-07 16:14:46,159;Capella;6.1.0.202303291413;Create+Representation;Operational+Entity+Blank;;dc561c8a-9052-415d-9e74-30a2fbd624ab
2023-07-07 16:15:04,091;Capella;6.1.0.202303291413;Create+Representation;Operational+Entity+Blank;;dc561c8a-9052-415d-9e74-30a2fbd624ab
2023-07-07 16:15:04,121;Capella;6.1.0.202303291413;Create+Representation;Operational+Entity+Blank;OK;dc561c8a-9052-415d-9e74-30a2fbd624ab
2023-07-07 16:15:04,733;Capella;6.1.0.202303291413;Create+Representation;Operational+Entity+Blank;OK;dc561c8a-9052-415d-9e74-30a2fbd624ab
2023-07-07 16:40:21,463;Capella;6.1.0.202303291413;Open+Representation;;;
2023-07-07 16:40:21,684;Capella;6.1.0.202303291413;Open+Representation;;OK;
2023-07-07 16:40:50,725;Capella;6.1.0.202303291413;Open+Representation;;;
2023-07-07 16:40:50,940;Capella;6.1.0.202303291413;Open+Representation;;OK;
2023-07-07 17:07:02,383;Capella;6.1.0.202303291413;Open+Representation;;;
2023-07-07 17:07:03,087;Capella;6.1.0.202303291413;Open+Representation;;OK;
2023-07-07 18:45:50,809;Capella;6.1.0.202303291413;Create+Representation;Activity+Interaction+Scenario;;f36f0fe4-ff2f-4833-af64-c26aa1428850
2023-07-11 16:05:49,937;Capella;6.1.0.202303291413;Create+Representation;Activity+Interaction+Scenario;OK;f36f0fe4-ff2f-4833-af64-c26aa1428850
2023-07-11 17:41:57,016;Capella;6.1.0.202303291413;Open+Session;SPMCS.aird;;
2023-07-11 17:42:02,121;Capella;6.1.0.202303291413;Open+Session;SPMCS.aird;OK;
2023-07-11 17:42:47,968;Capella;6.1.0.202303291413;Create+Representation;Operational+Entity+Breakdown;;7e2e1f8c-2426-4ddc-a2f1-e03ba1a31744
2023-07-11 17:42:49,907;Capella;6.1.0.202303291413;Create+Representation;Operational+Entity+Breakdown;;7e2e1f8c-2426-4ddc-a2f1-e03ba1a31744
2023-07-11 17:42:49,954;Capella;6.1.0.202303291413;Create+Representation;Operational+Entity+Breakdown;OK;7e2e1f8c-2426-4ddc-a2f1-e03ba1a31744
2023-07-11 17:42:50,615;Capella;6.1.0.202303291413;Create+Representation;Operational+Entity+Breakdown;OK;7e2e1f8c-2426-4ddc-a2f1-e03ba1a31744
2023-07-11 17:43:23,414;Capella;6.1.0.202303291413;Open+Session;SPMCS.aird;;
2023-07-11 17:43:53,703;Capella;6.1.0.202303291413;Open+Session;SPMCS.aird;;
2023-07-11 17:44:05,972;Capella;6.1.0.202303291413;Open+Session;SPMCS.aird;;
2023-07-11 17:48:34,740;Capella;6.1.0.202303291413;Create+Representation;Operational+Capabilities+Blank;;9af31bf1-4799-4dd4-a5ab-942a87cdb3eb
2023-07-11 17:48:36,329;Capella;6.1.0.202303291413;Create+Representation;Operational+Capabilities+Blank;;9af31bf1-4799-4dd4-a5ab-942a87cdb3eb
2023-07-11 17:48:36,349;Capella;6.1.0.202303291413;Create+Representation;Operational+Capabilities+Blank;OK;9af31bf1-4799-4dd4-a5ab-942a87cdb3eb
2023-07-11 17:48:36,708;Capella;6.1.0.202303291413;Create+Representation;Operational+Capabilities+Blank;OK;9af31bf1-4799-4dd4-a5ab-942a87cdb3eb
2023-07-13 17:27:37,502;Capella;6.1.0.202303291413;Create+Representation;Operational+Entity+Blank;;7e2e1f8c-2426-4ddc-a2f1-e03ba1a31744
2023-07-13 17:27:52,064;Capella;6.1.0.202303291413;Create+Representation;Operational+Entity+Blank;;7e2e1f8c-2426-4ddc-a2f1-e03ba1a31744
2023-07-13 17:27:52,279;Capella;6.1.0.202303291413;Create+Representation;Operational+Entity+Blank;OK;7e2e1f8c-2426-4ddc-a2f1-e03ba1a31744
2023-07-13 17:27:53,572;Capella;6.1.0.202303291413;Create+Representation;Operational+Entity+Blank;OK;7e2e1f8c-2426-4ddc-a2f1-e03ba1a31744
2023-07-14 18:07:35,885;Capella;6.1.0.202303291413;Create+Representation;Operational+Activity+Interaction+Blank;;bd17664b-647c-45a1-908b-a64ebee317eb
2023-07-14 18:07:38,717;Capella;6.1.0.202303291413;Create+Representation;Operational+Activity+Interaction+Blank;;bd17664b-647c-45a1-908b-a64ebee317eb
2023-07-14 18:07:39,005;Capella;6.1.0.202303291413;Create+Representation;Operational+Activity+Interaction+Blank;OK;bd17664b-647c-45a1-908b-a64ebee317eb
2023-07-14 18:07:40,366;Capella;6.1.0.202303291413;Create+Representation;Operational+Activity+Interaction+Blank;OK;bd17664b-647c-45a1-908b-a64ebee317eb
2023-07-15 18:59:02,796;Capella;6.1.0.202303291413;Transition;Operational+Entity+to+System+Actor+Transition;;
2023-07-15 18:59:38,329;Capella;6.1.0.202303291413;Transition;Operational+Entity+to+System+Actor+Transition;OK;
2023-07-15 19:01:14,693;Capella;6.1.0.202303291413;Create+Representation;Contextual+System+Actors;;97cb11a0-8815-450a-86d0-544159cb09b7
2023-07-15 19:01:38,434;Capella;6.1.0.202303291413;Create+Representation;Contextual+System+Actors;;97cb11a0-8815-450a-86d0-544159cb09b7
2023-07-15 19:01:38,900;Capella;6.1.0.202303291413;Create+Representation;Contextual+System+Actors;OK;97cb11a0-8815-450a-86d0-544159cb09b7
2023-07-15 19:01:40,449;Capella;6.1.0.202303291413;Create+Representation;Contextual+System+Actors;OK;97cb11a0-8815-450a-86d0-544159cb09b7
2023-07-17 13:37:14,232;Capella;6.1.0.202303291413;Transition;Operational+Entity+to+System+Actor+Transition;;
2023-07-17 13:37:20,544;Capella;6.1.0.202303291413;Transition;Operational+Entity+to+System+Actor+Transition;OK;
2023-07-17 15:46:14,144;Capella;6.1.0.202303291413;Transition;Operational+Capability+to+System+Mission+Transition;;
2023-07-17 15:46:28,864;Capella;6.1.0.202303291413;Transition;Operational+Capability+to+System+Mission+Transition;OK;
2023-07-17 15:46:42,031;Capella;6.1.0.202303291413;Open+Representation;;;
2023-07-17 15:46:42,235;Capella;6.1.0.202303291413;Open+Representation;;OK;
2023-07-17 16:06:23,101;Capella;6.1.0.202303291413;Validation;;;
2023-07-17 16:06:23,402;Capella;6.1.0.202303291413;Validation;;OK;
2023-07-17 16:08:02,744;Capella;6.1.0.202303291413;Create+Representation;Contextual+System+Actors;;97cb11a0-8815-450a-86d0-544159cb09b7
2023-07-17 16:08:06,863;Capella;6.1.0.202303291413;Create+Representation;Contextual+System+Actors;OK;97cb11a0-8815-450a-86d0-544159cb09b7
2023-07-17 16:08:45,864;Capella;6.1.0.202303291413;Transition;Operational+Entity+to+System+Actor+Transition;;
2023-07-17 16:08:54,518;Capella;6.1.0.202303291413;Transition;Operational+Entity+to+System+Actor+Transition;OK;
2023-07-17 16:09:28,486;Capella;6.1.0.202303291413;Create+Representation;Contextual+System+Actors;;97cb11a0-8815-450a-86d0-544159cb09b7
2023-07-17 16:09:37,042;Capella;6.1.0.202303291413;Create+Representation;Contextual+System+Actors;;97cb11a0-8815-450a-86d0-544159cb09b7
2023-07-17 16:09:37,120;Capella;6.1.0.202303291413;Create+Representation;Contextual+System+Actors;OK;97cb11a0-8815-450a-86d0-544159cb09b7
2023-07-17 16:09:37,676;Capella;6.1.0.202303291413;Create+Representation;Contextual+System+Actors;OK;97cb11a0-8815-450a-86d0-544159cb09b7
2023-07-17 16:11:13,484;Capella;6.1.0.202303291413;Open+Representation;;;
2023-07-17 16:11:13,633;Capella;6.1.0.202303291413;Open+Representation;;OK;
2023-07-17 16:14:20,277;Capella;6.1.0.202303291413;Transition;Capability+Transition;;
2023-07-17 16:14:22,269;Capella;6.1.0.202303291413;Transition;Capability+Transition;OK;
2023-07-17 16:24:03,492;Capella;6.1.0.202303291413;Open+Representation;;;
2023-07-17 16:24:03,661;Capella;6.1.0.202303291413;Open+Representation;;OK;
2023-07-17 16:31:57,267;Capella;6.1.0.202303291413;Create+Representation;System+Architecture+Blank;;bafe2efd-0957-4da2-8cd4-01ebda5ba643
2023-07-17 16:33:13,568;Capella;6.1.0.202303291413;Create+Representation;System+Architecture+Blank;;bafe2efd-0957-4da2-8cd4-01ebda5ba643
2023-07-17 16:33:13,676;Capella;6.1.0.202303291413;Create+Representation;System+Architecture+Blank;OK;bafe2efd-0957-4da2-8cd4-01ebda5ba643
2023-07-17 16:33:14,450;Capella;6.1.0.202303291413;Create+Representation;System+Architecture+Blank;OK;bafe2efd-0957-4da2-8cd4-01ebda5ba643
2023-07-17 16:36:48,620;Capella;6.1.0.202303291413;Open+Representation;;;
2023-07-17 16:36:49,000;Capella;6.1.0.202303291413;Open+Representation;;OK;
2023-07-17 17:58:50,610;Capella;6.1.0.202303291413;Create+Representation;System+Data+Flow+Blank;;25875c8a-721c-40c9-b20c-f3be18d3a7d8
2023-07-17 17:58:52,304;Capella;6.1.0.202303291413;Create+Representation;System+Data+Flow+Blank;;25875c8a-721c-40c9-b20c-f3be18d3a7d8
2023-07-17 17:58:52,319;Capella;6.1.0.202303291413;Create+Representation;System+Data+Flow+Blank;OK;25875c8a-721c-40c9-b20c-f3be18d3a7d8
2023-07-17 17:58:52,948;Capella;6.1.0.202303291413;Create+Representation;System+Data+Flow+Blank;OK;25875c8a-721c-40c9-b20c-f3be18d3a7d8
